{
  "RSpec": {
    "coverage": {
      "/Users/apprentice/yihdego/price-guide/app/models/list.rb": [
        1,
        null
      ],
      "/Users/apprentice/yihdego/price-guide/app/controllers/cards_controller.rb": [
        0,
        0,
        0,
        null,
        0,
        0,
        0
      ],
      "/Users/apprentice/yihdego/price-guide/app/models/card.rb": [
        0,
        0,
        null,
        null,
        null,
        null,
        null,
        null,
        0
      ]
    },
    "timestamp": 1512696148
  }
}
